TN:
SF:src/api.ts
FN:51,(anonymous_9)
FN:70,(anonymous_10)
FN:71,(anonymous_11)
FN:78,(anonymous_12)
FN:122,(anonymous_13)
FN:128,(anonymous_14)
FN:136,(anonymous_15)
FN:198,(anonymous_16)
FN:216,(anonymous_17)
FN:224,(anonymous_18)
FN:225,(anonymous_19)
FN:232,(anonymous_20)
FN:243,(anonymous_21)
FN:274,(anonymous_22)
FN:284,(anonymous_23)
FN:295,(anonymous_24)
FN:305,(anonymous_25)
FN:329,(anonymous_26)
FN:353,(anonymous_27)
FN:367,(anonymous_28)
FN:404,(anonymous_29)
FN:418,(anonymous_30)
FN:435,(anonymous_31)
FNF:23
FNH:20
FNDA:77,(anonymous_9)
FNDA:0,(anonymous_10)
FNDA:0,(anonymous_11)
FNDA:49,(anonymous_12)
FNDA:64,(anonymous_13)
FNDA:0,(anonymous_14)
FNDA:64,(anonymous_15)
FNDA:32,(anonymous_16)
FNDA:227,(anonymous_17)
FNDA:15,(anonymous_18)
FNDA:15,(anonymous_19)
FNDA:23,(anonymous_20)
FNDA:6,(anonymous_21)
FNDA:2,(anonymous_22)
FNDA:1,(anonymous_23)
FNDA:2,(anonymous_24)
FNDA:6,(anonymous_25)
FNDA:2,(anonymous_26)
FNDA:1,(anonymous_27)
FNDA:2,(anonymous_28)
FNDA:1,(anonymous_29)
FNDA:1,(anonymous_30)
FNDA:2,(anonymous_31)
DA:53,77
DA:60,77
DA:61,77
DA:62,77
DA:63,77
DA:64,77
DA:71,0
DA:72,0
DA:82,49
DA:84,49
DA:85,64
DA:86,64
DA:89,39
DA:90,35
DA:94,4
DA:97,25
DA:100,25
DA:101,11
DA:106,18
DA:107,15
DA:112,14
DA:126,64
DA:127,64
DA:128,64
DA:130,64
DA:131,64
DA:136,128
DA:137,64
DA:138,64
DA:140,64
DA:146,48
DA:150,48
DA:151,40
DA:152,39
DA:154,1
DA:157,39
DA:158,7
DA:168,32
DA:171,32
DA:172,29
DA:175,32
DA:182,25
DA:184,25
DA:185,25
DA:186,0
DA:188,25
DA:191,0
DA:199,32
DA:201,32
DA:216,32
DA:217,227
DA:225,15
DA:233,23
DA:249,6
DA:252,6
DA:253,6
DA:254,6
DA:255,6
DA:257,6
DA:258,6
DA:259,6
DA:260,6
DA:262,6
DA:263,6
DA:265,6
DA:275,2
DA:285,1
DA:296,2
DA:306,6
DA:308,6
DA:309,6
DA:310,3
DA:312,6
DA:313,6
DA:314,6
DA:315,6
DA:317,6
DA:318,6
DA:320,6
DA:333,2
DA:335,2
DA:336,2
DA:338,2
DA:339,2
DA:341,2
DA:342,2
DA:344,2
DA:358,1
DA:384,2
DA:386,2
DA:387,2
DA:388,2
DA:389,2
DA:390,2
DA:392,2
DA:393,2
DA:395,2
DA:408,1
DA:425,1
DA:436,2
DA:443,1
DA:444,1
LF:102
LH:98
BRDA:51,0,0,1
BRDA:80,1,0,0
BRDA:89,2,0,35
BRDA:89,3,0,39
BRDA:89,3,1,7
BRDA:94,4,0,4
BRDA:94,4,1,0
BRDA:97,5,0,25
BRDA:97,5,1,0
BRDA:100,6,0,11
BRDA:106,7,0,15
BRDA:114,8,0,14
BRDA:114,8,1,0
BRDA:124,9,0,0
BRDA:151,10,0,39
BRDA:151,10,1,1
BRDA:151,11,0,40
BRDA:151,11,1,40
BRDA:157,12,0,7
BRDA:160,13,0,7
BRDA:160,13,1,0
BRDA:160,13,2,0
BRDA:161,14,0,7
BRDA:161,14,1,7
BRDA:171,15,0,29
BRDA:171,16,0,32
BRDA:171,16,1,31
BRDA:171,16,2,31
BRDA:171,16,3,30
BRDA:178,17,0,32
BRDA:178,17,1,31
BRDA:184,18,0,25
BRDA:185,19,0,0
BRDA:199,20,0,0
BRDA:243,21,0,4
BRDA:252,22,0,6
BRDA:252,22,1,4
BRDA:253,23,0,6
BRDA:253,23,1,4
BRDA:254,24,0,6
BRDA:254,24,1,5
BRDA:255,25,0,6
BRDA:255,25,1,5
BRDA:263,26,0,6
BRDA:263,26,1,0
BRDA:308,27,0,4
BRDA:309,28,0,3
BRDA:309,29,0,6
BRDA:309,29,1,4
BRDA:312,30,0,2
BRDA:313,31,0,1
BRDA:314,32,0,1
BRDA:315,33,0,1
BRDA:318,34,0,5
BRDA:318,34,1,1
BRDA:329,35,0,1
BRDA:335,36,0,2
BRDA:335,36,1,1
BRDA:336,37,0,2
BRDA:336,37,1,1
BRDA:342,38,0,2
BRDA:342,38,1,0
BRDA:367,39,0,0
BRDA:386,40,0,1
BRDA:387,41,0,1
BRDA:388,42,0,1
BRDA:389,43,0,1
BRDA:390,44,0,1
BRDA:393,45,0,1
BRDA:393,45,1,1
BRF:70
BRH:58
end_of_record
TN:
SF:src/auth.ts
FN:57,(anonymous_0)
FN:69,(anonymous_1)
FN:79,(anonymous_2)
FN:86,(anonymous_3)
FN:88,(anonymous_4)
FN:94,(anonymous_5)
FN:96,(anonymous_6)
FN:102,(anonymous_7)
FN:136,(anonymous_8)
FN:173,(anonymous_9)
FN:219,(anonymous_10)
FN:220,(anonymous_11)
FN:224,(anonymous_12)
FN:239,(anonymous_13)
FN:256,(anonymous_14)
FN:293,(anonymous_15)
FN:336,(anonymous_16)
FN:341,(anonymous_17)
FN:347,(anonymous_18)
FN:368,(anonymous_19)
FN:393,(anonymous_20)
FN:410,(anonymous_21)
FN:411,(anonymous_22)
FN:416,(anonymous_23)
FN:417,(anonymous_24)
FN:418,(anonymous_25)
FN:424,(anonymous_26)
FN:425,(anonymous_27)
FN:430,(anonymous_28)
FN:431,(anonymous_29)
FN:432,(anonymous_30)
FN:438,(anonymous_31)
FN:439,(anonymous_32)
FNF:33
FNH:30
FNDA:1,(anonymous_0)
FNDA:52,(anonymous_1)
FNDA:11,(anonymous_2)
FNDA:5,(anonymous_3)
FNDA:2,(anonymous_4)
FNDA:36,(anonymous_5)
FNDA:104,(anonymous_6)
FNDA:14,(anonymous_7)
FNDA:5,(anonymous_8)
FNDA:12,(anonymous_9)
FNDA:12,(anonymous_10)
FNDA:12,(anonymous_11)
FNDA:12,(anonymous_12)
FNDA:3,(anonymous_13)
FNDA:0,(anonymous_14)
FNDA:10,(anonymous_15)
FNDA:10,(anonymous_16)
FNDA:6,(anonymous_17)
FNDA:1,(anonymous_18)
FNDA:3,(anonymous_19)
FNDA:2,(anonymous_20)
FNDA:6,(anonymous_21)
FNDA:6,(anonymous_22)
FNDA:48,(anonymous_23)
FNDA:48,(anonymous_24)
FNDA:47,(anonymous_25)
FNDA:0,(anonymous_26)
FNDA:0,(anonymous_27)
FNDA:2,(anonymous_28)
FNDA:2,(anonymous_29)
FNDA:2,(anonymous_30)
FNDA:10,(anonymous_31)
FNDA:10,(anonymous_32)
DA:40,1
DA:52,1
DA:55,1
DA:58,1
DA:70,52
DA:71,1
DA:73,52
DA:80,11
DA:87,5
DA:88,5
DA:95,36
DA:96,104
DA:103,14
DA:104,13
DA:106,13
DA:107,13
DA:109,13
DA:110,5
DA:111,5
DA:115,8
DA:116,8
DA:117,8
DA:118,8
DA:119,8
DA:121,8
DA:122,4
DA:124,4
DA:125,0
DA:126,0
DA:129,4
DA:130,4
DA:137,5
DA:139,5
DA:140,5
DA:142,4
DA:143,2
DA:144,2
DA:151,2
DA:159,0
DA:167,4
DA:174,12
DA:176,12
DA:178,12
DA:180,3
DA:181,0
DA:185,3
DA:187,3
DA:189,2
DA:190,0
DA:192,0
DA:199,0
DA:201,1
DA:205,10
DA:206,10
DA:212,10
DA:220,12
DA:221,12
DA:225,12
DA:226,9
DA:227,3
DA:228,3
DA:230,0
DA:240,3
DA:245,3
DA:255,2
DA:256,0
DA:257,0
DA:260,2
DA:261,2
DA:264,2
DA:266,2
DA:275,2
DA:276,2
DA:277,2
DA:278,2
DA:279,2
DA:280,2
DA:281,2
DA:283,2
DA:285,1
DA:286,1
DA:294,10
DA:295,10
DA:297,10
DA:298,1
DA:301,9
DA:311,9
DA:312,5
DA:313,0
DA:316,4
DA:319,4
DA:320,0
DA:322,0
DA:323,0
DA:325,0
DA:327,0
DA:328,0
DA:329,0
DA:337,10
DA:339,10
DA:340,10
DA:341,6
DA:345,10
DA:351,0
DA:354,10
DA:356,0
DA:369,3
DA:370,2
DA:372,2
DA:373,1
DA:374,1
DA:376,1
DA:377,1
DA:381,0
DA:384,1
DA:387,1
DA:394,2
DA:395,2
DA:396,2
DA:397,2
DA:398,2
DA:400,2
DA:401,0
DA:402,0
DA:404,0
DA:405,0
DA:407,0
DA:411,6
DA:412,6
DA:417,48
DA:418,48
DA:419,47
DA:425,0
DA:426,0
DA:431,2
DA:432,2
DA:433,2
DA:439,10
DA:440,10
DA:451,1
DA:452,1
LF:141
LH:113
BRDA:70,0,0,1
BRDA:109,1,0,5
BRDA:109,2,0,13
BRDA:109,2,1,10
BRDA:121,3,0,4
BRDA:142,4,0,2
BRDA:142,4,1,2
BRDA:180,5,0,0
BRDA:187,6,0,2
BRDA:187,6,1,1
BRDA:205,7,0,10
BRDA:205,7,1,0
BRDA:225,8,0,9
BRDA:225,8,1,3
BRDA:227,9,0,3
BRDA:227,9,1,0
BRDA:255,10,0,0
BRDA:257,11,0,0
BRDA:257,11,1,0
BRDA:264,12,0,1
BRDA:264,12,1,1
BRDA:297,13,0,1
BRDA:311,14,0,5
BRDA:340,15,0,6
BRDA:372,16,0,1
BRDA:372,16,1,1
BRDA:374,17,0,1
BRDA:374,17,1,0
BRDA:376,18,0,1
BRDA:376,18,1,0
BRDA:395,19,0,1
BRDA:395,19,1,1
BRDA:396,20,0,1
BRDA:396,20,1,1
BRDA:419,21,0,47
BRDA:419,21,1,13
BRDA:433,22,0,2
BRDA:433,22,1,0
BRF:38
BRH:29
end_of_record
TN:
SF:src/background/index.ts
FN:8,(anonymous_0)
FN:19,(anonymous_1)
FN:24,(anonymous_2)
FNF:3
FNH:0
FNDA:0,(anonymous_0)
FNDA:0,(anonymous_1)
FNDA:0,(anonymous_2)
DA:5,0
DA:8,0
DA:9,0
DA:11,0
DA:12,0
DA:13,0
DA:14,0
DA:19,0
DA:20,0
DA:24,0
DA:25,0
DA:28,0
DA:30,0
DA:31,0
DA:34,0
DA:35,0
DA:38,0
DA:41,0
LF:18
LH:0
BRDA:11,0,0,0
BRDA:11,0,1,0
BRDA:13,1,0,0
BRDA:28,2,0,0
BRDA:28,2,1,0
BRF:5
BRH:0
end_of_record
TN:
SF:src/components/ExportImport.tsx
FN:20,(anonymous_9)
FN:33,(anonymous_10)
FN:38,(anonymous_11)
FN:58,(anonymous_12)
FN:78,(anonymous_13)
FN:111,(anonymous_14)
FN:135,(anonymous_15)
FN:142,(anonymous_16)
FN:170,(anonymous_17)
FN:227,(anonymous_18)
FN:233,(anonymous_19)
FN:247,(anonymous_20)
FN:250,(anonymous_21)
FN:304,(anonymous_22)
FN:332,(anonymous_23)
FN:365,(anonymous_24)
FN:376,(anonymous_25)
FN:392,(anonymous_26)
FN:401,(anonymous_27)
FN:410,(anonymous_28)
FNF:20
FNH:0
FNDA:0,(anonymous_9)
FNDA:0,(anonymous_10)
FNDA:0,(anonymous_11)
FNDA:0,(anonymous_12)
FNDA:0,(anonymous_13)
FNDA:0,(anonymous_14)
FNDA:0,(anonymous_15)
FNDA:0,(anonymous_16)
FNDA:0,(anonymous_17)
FNDA:0,(anonymous_18)
FNDA:0,(anonymous_19)
FNDA:0,(anonymous_20)
FNDA:0,(anonymous_21)
FNDA:0,(anonymous_22)
FNDA:0,(anonymous_23)
FNDA:0,(anonymous_24)
FNDA:0,(anonymous_25)
FNDA:0,(anonymous_26)
FNDA:0,(anonymous_27)
FNDA:0,(anonymous_28)
DA:1,1
DA:20,1
DA:21,0
DA:22,0
DA:23,0
DA:24,0
DA:25,0
DA:26,0
DA:27,0
DA:28,0
DA:30,0
DA:33,0
DA:34,0
DA:35,0
DA:38,0
DA:39,0
DA:40,0
DA:41,0
DA:43,0
DA:49,0
DA:50,0
DA:51,0
DA:54,0
DA:58,0
DA:59,0
DA:60,0
DA:61,0
DA:63,0
DA:69,0
DA:70,0
DA:71,0
DA:74,0
DA:78,0
DA:79,0
DA:80,0
DA:81,0
DA:82,0
DA:83,0
DA:84,0
DA:87,0
DA:89,0
DA:95,0
DA:96,0
DA:100,0
DA:101,0
DA:103,0
DA:104,0
DA:105,0
DA:106,0
DA:111,0
DA:112,0
DA:113,0
DA:117,0
DA:118,0
DA:119,0
DA:120,0
DA:121,0
DA:122,0
DA:123,0
DA:124,0
DA:125,0
DA:128,0
DA:129,0
DA:131,0
DA:135,0
DA:136,0
DA:137,0
DA:138,0
DA:142,0
DA:143,0
DA:144,0
DA:146,0
DA:147,0
DA:148,0
DA:149,0
DA:150,0
DA:153,0
DA:161,0
DA:162,0
DA:163,0
DA:166,0
DA:170,0
DA:171,0
DA:172,0
DA:173,0
DA:174,0
DA:177,0
DA:178,0
DA:180,0
DA:181,0
DA:182,0
DA:183,0
DA:184,0
DA:187,0
DA:188,0
DA:190,0
DA:198,0
DA:199,0
DA:200,0
DA:202,0
DA:204,0
DA:205,0
DA:207,0
DA:210,0
DA:213,0
DA:214,0
DA:216,0
DA:220,0
DA:227,0
DA:233,0
DA:247,0
DA:251,0
DA:305,0
DA:333,0
DA:366,0
DA:377,0
DA:393,0
DA:402,0
DA:411,0
DA:423,1
LF:120
LH:3
BRDA:41,0,0,0
BRDA:49,1,0,0
BRDA:51,2,0,0
BRDA:51,2,1,0
BRDA:61,3,0,0
BRDA:69,4,0,0
BRDA:82,5,0,0
BRDA:95,6,0,0
BRDA:103,7,0,0
BRDA:105,8,0,0
BRDA:112,9,0,0
BRDA:112,10,0,0
BRDA:112,10,1,0
BRDA:137,11,0,0
BRDA:148,12,0,0
BRDA:161,13,0,0
BRDA:172,14,0,0
BRDA:182,15,0,0
BRDA:198,16,0,0
BRDA:198,16,1,0
BRDA:202,17,0,0
BRDA:204,18,0,0
BRDA:226,19,0,0
BRDA:226,19,1,0
BRDA:232,20,0,0
BRDA:232,20,1,0
BRDA:240,21,0,0
BRDA:240,21,1,0
BRDA:263,22,0,0
BRDA:263,22,1,0
BRDA:278,23,0,0
BRDA:278,23,1,0
BRDA:295,24,0,0
BRDA:295,24,1,0
BRDA:296,25,0,0
BRDA:296,25,1,0
BRDA:298,26,0,0
BRDA:298,26,1,0
BRDA:311,27,0,0
BRDA:311,27,1,0
BRDA:315,28,0,0
BRDA:315,28,1,0
BRDA:318,29,0,0
BRDA:318,29,1,0
BRDA:321,30,0,0
BRDA:321,30,1,0
BRDA:328,31,0,0
BRDA:328,31,1,0
BRDA:343,32,0,0
BRDA:343,32,1,0
BRDA:346,33,0,0
BRDA:346,33,1,0
BRDA:349,34,0,0
BRDA:349,34,1,0
BRDA:350,35,0,0
BRDA:350,35,1,0
BRDA:354,36,0,0
BRDA:354,36,1,0
BRDA:361,37,0,0
BRDA:361,37,1,0
BRDA:361,37,2,0
BRDA:372,38,0,0
BRDA:372,38,1,0
BRDA:372,38,2,0
BRDA:385,39,0,0
BRDA:385,39,1,0
BRF:66
BRH:0
end_of_record
TN:
SF:src/components/LoginForm.tsx
FN:9,(anonymous_0)
FN:17,(anonymous_1)
FN:23,(anonymous_2)
FN:30,(anonymous_3)
FNF:4
FNH:0
FNDA:0,(anonymous_0)
FNDA:0,(anonymous_1)
FNDA:0,(anonymous_2)
FNDA:0,(anonymous_3)
DA:1,0
DA:2,0
DA:3,0
DA:9,0
DA:10,0
DA:17,0
DA:19,0
DA:20,0
DA:23,0
DA:24,0
DA:25,0
DA:26,0
DA:30,0
DA:31,0
DA:34,0
DA:35,0
DA:43,0
DA:44,0
DA:63,0
LF:19
LH:0
BRDA:25,0,0,0
BRDA:34,1,0,0
BRDA:43,2,0,0
BRF:3
BRH:0
end_of_record
TN:
SF:src/components/MarkdownPreview.tsx
FN:23,(anonymous_1)
FN:31,(anonymous_2)
FN:32,(anonymous_3)
FN:51,(anonymous_4)
FN:55,(anonymous_5)
FN:62,(anonymous_6)
FN:67,(anonymous_7)
FN:70,(anonymous_8)
FN:84,(anonymous_9)
FN:93,(anonymous_10)
FN:137,(anonymous_11)
FN:148,(anonymous_12)
FN:175,(anonymous_13)
FN:180,(anonymous_14)
FN:185,(anonymous_15)
FN:190,(anonymous_16)
FN:195,(anonymous_17)
FN:200,(anonymous_18)
FN:207,(anonymous_19)
FN:214,(anonymous_20)
FN:221,(anonymous_21)
FN:224,(anonymous_22)
FN:229,(anonymous_23)
FN:241,(anonymous_24)
FN:249,(anonymous_25)
FN:261,(anonymous_26)
FN:267,(anonymous_27)
FNF:27
FNH:0
FNDA:0,(anonymous_1)
FNDA:0,(anonymous_2)
FNDA:0,(anonymous_3)
FNDA:0,(anonymous_4)
FNDA:0,(anonymous_5)
FNDA:0,(anonymous_6)
FNDA:0,(anonymous_7)
FNDA:0,(anonymous_8)
FNDA:0,(anonymous_9)
FNDA:0,(anonymous_10)
FNDA:0,(anonymous_11)
FNDA:0,(anonymous_12)
FNDA:0,(anonymous_13)
FNDA:0,(anonymous_14)
FNDA:0,(anonymous_15)
FNDA:0,(anonymous_16)
FNDA:0,(anonymous_17)
FNDA:0,(anonymous_18)
FNDA:0,(anonymous_19)
FNDA:0,(anonymous_20)
FNDA:0,(anonymous_21)
FNDA:0,(anonymous_22)
FNDA:0,(anonymous_23)
FNDA:0,(anonymous_24)
FNDA:0,(anonymous_25)
FNDA:0,(anonymous_26)
FNDA:0,(anonymous_27)
DA:1,0
DA:2,0
DA:3,0
DA:4,0
DA:5,0
DA:8,0
DA:23,0
DA:28,0
DA:31,0
DA:32,0
DA:33,0
DA:35,0
DA:36,0
DA:37,0
DA:38,0
DA:39,0
DA:40,0
DA:41,0
DA:43,0
DA:48,0
DA:49,0
DA:50,0
DA:51,0
DA:55,0
DA:56,0
DA:57,0
DA:58,0
DA:62,0
DA:63,0
DA:65,0
DA:68,0
DA:70,0
DA:84,0
DA:85,0
DA:86,0
DA:88,0
DA:89,0
DA:90,0
DA:91,0
DA:92,0
DA:93,0
DA:94,0
DA:95,0
DA:99,0
DA:103,0
DA:138,0
DA:139,0
DA:140,0
DA:142,0
DA:148,0
DA:176,0
DA:177,0
DA:178,0
DA:181,0
DA:182,0
DA:183,0
DA:186,0
DA:187,0
DA:188,0
DA:191,0
DA:192,0
DA:193,0
DA:196,0
DA:197,0
DA:198,0
DA:201,0
DA:202,0
DA:203,0
DA:208,0
DA:215,0
DA:222,0
DA:225,0
DA:230,0
DA:242,0
DA:250,0
DA:261,0
DA:267,0
DA:276,0
LF:78
LH:0
BRDA:38,0,0,0
BRDA:39,1,0,0
BRDA:39,1,1,0
BRDA:40,2,0,0
BRDA:49,3,0,0
BRDA:57,4,0,0
BRDA:62,5,0,0
BRDA:63,6,0,0
BRDA:63,7,0,0
BRDA:63,7,1,0
BRDA:71,8,0,0
BRDA:71,8,1,0
BRDA:75,9,0,0
BRDA:75,9,1,0
BRDA:75,9,2,0
BRDA:89,10,0,0
BRDA:105,11,0,0
BRDA:105,11,1,0
BRDA:105,11,2,0
BRDA:117,12,0,0
BRDA:117,12,1,0
BRDA:117,12,2,0
BRDA:119,13,0,0
BRDA:119,13,1,0
BRDA:120,14,0,0
BRDA:120,14,1,0
BRDA:123,15,0,0
BRDA:123,15,1,0
BRDA:126,16,0,0
BRDA:126,16,1,0
BRDA:139,17,0,0
BRDA:139,17,1,0
BRDA:140,18,0,0
BRDA:140,18,1,0
BRDA:142,19,0,0
BRDA:142,19,1,0
BRDA:142,20,0,0
BRDA:142,20,1,0
BRDA:176,21,0,0
BRDA:176,21,1,0
BRDA:181,22,0,0
BRDA:181,22,1,0
BRDA:186,23,0,0
BRDA:186,23,1,0
BRDA:191,24,0,0
BRDA:191,24,1,0
BRDA:196,25,0,0
BRDA:196,25,1,0
BRDA:201,26,0,0
BRDA:201,26,1,0
BRDA:244,27,0,0
BRDA:244,27,1,0
BRF:52
BRH:0
end_of_record
TN:
SF:src/components/NoteEditor.tsx
FN:15,(anonymous_0)
FN:33,(anonymous_1)
FN:41,(anonymous_2)
FN:47,(anonymous_3)
FN:56,(anonymous_4)
FN:62,(anonymous_5)
FN:84,(anonymous_6)
FN:101,(anonymous_7)
FN:110,(anonymous_8)
FN:117,(anonymous_9)
FN:126,(anonymous_10)
FN:200,(anonymous_11)
FNF:12
FNH:12
FNDA:1341,(anonymous_0)
FNDA:38,(anonymous_1)
FNDA:420,(anonymous_2)
FNDA:973,(anonymous_3)
FNDA:55,(anonymous_4)
FNDA:8,(anonymous_5)
FNDA:893,(anonymous_6)
FNDA:3,(anonymous_7)
FNDA:531,(anonymous_8)
FNDA:362,(anonymous_9)
FNDA:1341,(anonymous_10)
FNDA:234,(anonymous_11)
DA:1,1
DA:15,1
DA:23,1341
DA:24,1341
DA:25,1341
DA:26,1341
DA:27,1341
DA:29,1341
DA:30,1341
DA:33,1341
DA:34,38
DA:35,38
DA:36,38
DA:37,22
DA:41,1341
DA:42,420
DA:43,420
DA:47,1341
DA:48,973
DA:49,38
DA:50,38
DA:56,1341
DA:57,55
DA:58,54
DA:62,1341
DA:63,8
DA:64,0
DA:65,0
DA:68,8
DA:69,0
DA:70,0
DA:73,8
DA:74,8
DA:75,8
DA:77,2
DA:78,2
DA:80,8
DA:84,1341
DA:86,893
DA:87,3
DA:88,3
DA:89,3
DA:93,890
DA:94,3
DA:95,3
DA:96,3
DA:97,3
DA:98,3
DA:101,3
DA:102,3
DA:103,3
DA:110,1341
DA:111,531
DA:112,531
DA:113,531
DA:117,1341
DA:118,362
DA:119,362
DA:120,362
DA:124,1341
DA:126,1341
DA:127,1341
DA:128,1341
DA:129,1341
DA:132,1341
DA:134,1341
DA:201,234
DA:225,1
LF:68
LH:64
BRDA:19,0,0,1314
BRDA:20,1,0,1340
BRDA:21,2,0,1339
BRDA:23,3,0,1341
BRDA:23,3,1,1279
BRDA:24,4,0,1341
BRDA:24,4,1,1279
BRDA:36,5,0,16
BRDA:37,6,0,1
BRDA:37,6,1,21
BRDA:43,7,0,367
BRDA:43,7,1,53
BRDA:48,8,0,38
BRDA:48,9,0,973
BRDA:48,9,1,85
BRDA:48,9,2,38
BRDA:57,10,0,54
BRDA:57,11,0,55
BRDA:57,11,1,54
BRDA:63,12,0,0
BRDA:68,13,0,0
BRDA:75,14,0,8
BRDA:75,14,1,1
BRDA:86,15,0,3
BRDA:86,16,0,893
BRDA:86,16,1,890
BRDA:86,16,2,4
BRDA:93,17,0,3
BRDA:93,18,0,890
BRDA:93,18,1,4
BRDA:93,18,2,4
BRDA:102,19,0,3
BRDA:112,20,0,531
BRDA:119,21,0,362
BRDA:124,22,0,1341
BRDA:124,22,1,16
BRDA:129,23,0,176
BRDA:129,23,1,1165
BRDA:138,24,0,62
BRDA:138,24,1,1279
BRDA:143,25,0,1341
BRDA:143,25,1,748
BRDA:143,25,2,739
BRDA:146,26,0,9
BRDA:146,26,1,1332
BRDA:196,27,0,1341
BRDA:196,27,1,176
BRF:47
BRH:45
end_of_record
TN:
SF:src/components/NoteView.tsx
FN:15,(anonymous_1)
FN:27,(anonymous_2)
FN:35,(anonymous_3)
FN:42,(anonymous_4)
FN:43,(anonymous_5)
FN:47,(anonymous_6)
FN:59,(anonymous_7)
FN:76,(anonymous_8)
FN:80,(anonymous_9)
FN:89,(anonymous_10)
FN:184,(anonymous_11)
FN:196,(anonymous_12)
FN:200,(anonymous_13)
FNF:13
FNH:11
FNDA:89,(anonymous_1)
FNDA:43,(anonymous_2)
FNDA:89,(anonymous_3)
FNDA:0,(anonymous_4)
FNDA:0,(anonymous_5)
FNDA:267,(anonymous_6)
FNDA:89,(anonymous_7)
FNDA:1,(anonymous_8)
FNDA:2,(anonymous_9)
FNDA:2,(anonymous_10)
FNDA:3,(anonymous_11)
FNDA:134,(anonymous_12)
FNDA:2,(anonymous_13)
DA:1,1
DA:3,1
DA:4,1
DA:5,1
DA:15,1
DA:22,89
DA:23,89
DA:24,89
DA:27,89
DA:28,43
DA:29,43
DA:30,43
DA:31,43
DA:35,89
DA:36,89
DA:37,89
DA:38,89
DA:42,89
DA:43,0
DA:47,89
DA:48,267
DA:49,267
DA:59,89
DA:60,89
DA:61,89
DA:62,89
DA:63,89
DA:64,89
DA:66,89
DA:67,87
DA:68,87
DA:69,87
DA:72,89
DA:73,89
DA:74,89
DA:76,89
DA:77,1
DA:80,89
DA:81,2
DA:82,2
DA:84,2
DA:85,2
DA:86,2
DA:87,2
DA:88,2
DA:89,2
DA:90,2
DA:91,2
DA:95,0
DA:96,0
DA:100,89
DA:184,3
DA:197,134
DA:201,2
DA:202,1
DA:204,1
DA:251,1
LF:57
LH:54
BRDA:38,0,0,68
BRDA:38,0,1,21
BRDA:43,1,0,0
BRDA:43,1,1,0
BRDA:66,2,0,2
BRDA:67,3,0,0
BRDA:68,4,0,0
BRDA:74,5,0,2
BRDA:74,5,1,87
BRDA:74,6,0,7
BRDA:74,6,1,80
BRDA:85,7,0,2
BRDA:104,8,0,89
BRDA:104,8,1,2
BRDA:109,9,0,89
BRDA:109,9,1,89
BRDA:109,9,2,2
BRDA:166,10,0,2
BRDA:166,10,1,87
BRDA:182,11,0,89
BRDA:182,11,1,9
BRDA:187,12,0,2
BRDA:187,12,1,7
BRDA:192,13,0,89
BRDA:192,13,1,68
BRDA:201,14,0,1
BRDA:201,14,1,1
BRDA:234,15,0,85
BRDA:234,15,1,4
BRF:29
BRH:25
end_of_record
TN:
SF:src/components/Settings.tsx
FN:8,(anonymous_1)
FN:32,(anonymous_2)
FN:38,(anonymous_3)
FNF:3
FNH:3
FNDA:44,(anonymous_1)
FNDA:5,(anonymous_2)
FNDA:10,(anonymous_3)
DA:1,1
DA:2,1
DA:8,1
DA:9,44
DA:11,44
DA:32,5
DA:38,10
DA:79,1
LF:8
LH:8
BRDA:31,0,0,34
BRDA:31,0,1,10
BRDA:37,1,0,10
BRDA:37,1,1,34
BRDA:45,2,0,44
BRDA:45,2,1,34
BRDA:69,3,0,44
BRDA:69,3,1,10
BRF:8
BRH:8
end_of_record
TN:
SF:src/components/SimpleUserProfile.tsx
FN:8,(anonymous_0)
FN:12,(anonymous_1)
FN:18,(anonymous_2)
FN:25,(anonymous_3)
FN:30,(anonymous_4)
FN:34,(anonymous_5)
FN:38,(anonymous_6)
FN:43,(anonymous_7)
FNF:8
FNH:0
FNDA:0,(anonymous_0)
FNDA:0,(anonymous_1)
FNDA:0,(anonymous_2)
FNDA:0,(anonymous_3)
FNDA:0,(anonymous_4)
FNDA:0,(anonymous_5)
FNDA:0,(anonymous_6)
FNDA:0,(anonymous_7)
DA:1,0
DA:2,0
DA:8,0
DA:9,0
DA:10,0
DA:12,0
DA:14,0
DA:15,0
DA:18,0
DA:19,0
DA:22,0
DA:25,0
DA:26,0
DA:27,0
DA:30,0
DA:31,0
DA:34,0
DA:35,0
DA:38,0
DA:40,0
DA:43,0
DA:49,0
DA:50,0
DA:53,0
LF:24
LH:0
BRDA:49,0,0,0
BRDA:56,1,0,0
BRDA:56,1,1,0
BRDA:86,2,0,0
BRDA:86,2,1,0
BRF:5
BRH:0
end_of_record
TN:
SF:src/content/index.ts
FN:8,(anonymous_0)
FN:13,(anonymous_1)
FNF:2
FNH:0
FNDA:0,(anonymous_0)
FNDA:0,(anonymous_1)
DA:5,0
DA:8,0
DA:9,0
DA:13,0
DA:14,0
DA:16,0
DA:19,0
DA:20,0
DA:21,0
DA:24,0
DA:29,0
DA:32,0
DA:33,0
DA:36,0
DA:39,0
LF:15
LH:0
BRDA:16,0,0,0
BRDA:16,0,1,0
BRDA:16,0,2,0
BRDA:27,1,0,0
BRDA:27,1,1,0
BRF:5
BRH:0
end_of_record
TN:
SF:src/options/Options.tsx
FN:3,(anonymous_0)
FN:10,(anonymous_1)
FN:12,(anonymous_2)
FN:19,(anonymous_3)
FN:42,(anonymous_4)
FN:56,(anonymous_5)
FN:71,(anonymous_6)
FNF:7
FNH:7
FNDA:61,(anonymous_0)
FNDA:30,(anonymous_1)
FNDA:30,(anonymous_2)
FNDA:19,(anonymous_3)
FNDA:5,(anonymous_4)
FNDA:10,(anonymous_5)
FNDA:4,(anonymous_6)
DA:1,1
DA:3,1
DA:4,61
DA:10,60
DA:12,30
DA:13,30
DA:14,11
DA:19,60
DA:20,19
DA:21,19
DA:24,19
DA:27,60
DA:42,5
DA:56,10
DA:71,4
LF:15
LH:15
BRDA:13,0,0,11
BRF:1
BRH:1
end_of_record
TN:
SF:src/options/index.tsx
FN:4,(anonymous_0)
FN:39,(anonymous_1)
FNF:2
FNH:0
FNDA:0,(anonymous_0)
FNDA:0,(anonymous_1)
DA:2,0
DA:4,0
DA:5,0
DA:39,0
DA:40,0
DA:41,0
DA:42,0
DA:43,0
LF:8
LH:0
BRDA:41,0,0,0
BRF:1
BRH:0
end_of_record
TN:
SF:src/popup/index.tsx
FN:46,(anonymous_1)
FN:83,(anonymous_2)
FN:84,(anonymous_3)
FN:87,(anonymous_4)
FN:89,(anonymous_5)
FN:99,(anonymous_6)
FN:100,(anonymous_7)
FN:106,(anonymous_8)
FN:109,(anonymous_9)
FN:116,(anonymous_10)
FN:124,(anonymous_11)
FN:131,(anonymous_12)
FN:139,(anonymous_13)
FN:141,(anonymous_14)
FN:145,(anonymous_15)
FN:157,(anonymous_16)
FN:168,(anonymous_17)
FN:175,(anonymous_18)
FN:183,(anonymous_19)
FN:189,(anonymous_20)
FN:194,(anonymous_21)
FN:204,(anonymous_22)
FN:205,(anonymous_23)
FN:213,(anonymous_24)
FN:217,(anonymous_25)
FN:220,(anonymous_26)
FN:224,(anonymous_27)
FN:225,(anonymous_28)
FN:234,(anonymous_29)
FN:238,(anonymous_30)
FN:242,(anonymous_31)
FN:252,(anonymous_32)
FN:260,(anonymous_33)
FN:279,(anonymous_34)
FN:283,(anonymous_35)
FN:298,(anonymous_36)
FN:308,(anonymous_37)
FN:320,(anonymous_38)
FN:335,(anonymous_39)
FN:344,(anonymous_40)
FN:366,(anonymous_41)
FN:370,(anonymous_42)
FN:387,(anonymous_43)
FN:397,(anonymous_44)
FN:407,(anonymous_45)
FN:422,(anonymous_46)
FN:429,(anonymous_47)
FN:432,(anonymous_48)
FN:433,(anonymous_49)
FN:443,(anonymous_50)
FN:445,(anonymous_51)
FN:461,(anonymous_52)
FN:466,(anonymous_53)
FN:475,(anonymous_54)
FN:484,(anonymous_55)
FN:508,(anonymous_56)
FN:523,(anonymous_57)
FN:533,(anonymous_58)
FN:544,(anonymous_59)
FN:546,(anonymous_60)
FN:549,(anonymous_61)
FN:550,(anonymous_62)
FN:554,(anonymous_63)
FN:557,(anonymous_64)
FN:569,(anonymous_65)
FN:574,(anonymous_66)
FN:579,(anonymous_67)
FN:589,(anonymous_68)
FN:596,(anonymous_69)
FN:604,(anonymous_70)
FN:626,(anonymous_71)
FN:626,(anonymous_72)
FN:679,(anonymous_73)
FN:679,(anonymous_74)
FN:692,(anonymous_75)
FN:692,(anonymous_76)
FN:772,(anonymous_77)
FN:776,(anonymous_78)
FN:793,(anonymous_79)
FN:804,(anonymous_80)
FN:834,(anonymous_81)
FN:834,(anonymous_82)
FN:863,(anonymous_83)
FN:864,(anonymous_84)
FN:954,(anonymous_85)
FNF:85
FNH:0
FNDA:0,(anonymous_1)
FNDA:0,(anonymous_2)
FNDA:0,(anonymous_3)
FNDA:0,(anonymous_4)
FNDA:0,(anonymous_5)
FNDA:0,(anonymous_6)
FNDA:0,(anonymous_7)
FNDA:0,(anonymous_8)
FNDA:0,(anonymous_9)
FNDA:0,(anonymous_10)
FNDA:0,(anonymous_11)
FNDA:0,(anonymous_12)
FNDA:0,(anonymous_13)
FNDA:0,(anonymous_14)
FNDA:0,(anonymous_15)
FNDA:0,(anonymous_16)
FNDA:0,(anonymous_17)
FNDA:0,(anonymous_18)
FNDA:0,(anonymous_19)
FNDA:0,(anonymous_20)
FNDA:0,(anonymous_21)
FNDA:0,(anonymous_22)
FNDA:0,(anonymous_23)
FNDA:0,(anonymous_24)
FNDA:0,(anonymous_25)
FNDA:0,(anonymous_26)
FNDA:0,(anonymous_27)
FNDA:0,(anonymous_28)
FNDA:0,(anonymous_29)
FNDA:0,(anonymous_30)
FNDA:0,(anonymous_31)
FNDA:0,(anonymous_32)
FNDA:0,(anonymous_33)
FNDA:0,(anonymous_34)
FNDA:0,(anonymous_35)
FNDA:0,(anonymous_36)
FNDA:0,(anonymous_37)
FNDA:0,(anonymous_38)
FNDA:0,(anonymous_39)
FNDA:0,(anonymous_40)
FNDA:0,(anonymous_41)
FNDA:0,(anonymous_42)
FNDA:0,(anonymous_43)
FNDA:0,(anonymous_44)
FNDA:0,(anonymous_45)
FNDA:0,(anonymous_46)
FNDA:0,(anonymous_47)
FNDA:0,(anonymous_48)
FNDA:0,(anonymous_49)
FNDA:0,(anonymous_50)
FNDA:0,(anonymous_51)
FNDA:0,(anonymous_52)
FNDA:0,(anonymous_53)
FNDA:0,(anonymous_54)
FNDA:0,(anonymous_55)
FNDA:0,(anonymous_56)
FNDA:0,(anonymous_57)
FNDA:0,(anonymous_58)
FNDA:0,(anonymous_59)
FNDA:0,(anonymous_60)
FNDA:0,(anonymous_61)
FNDA:0,(anonymous_62)
FNDA:0,(anonymous_63)
FNDA:0,(anonymous_64)
FNDA:0,(anonymous_65)
FNDA:0,(anonymous_66)
FNDA:0,(anonymous_67)
FNDA:0,(anonymous_68)
FNDA:0,(anonymous_69)
FNDA:0,(anonymous_70)
FNDA:0,(anonymous_71)
FNDA:0,(anonymous_72)
FNDA:0,(anonymous_73)
FNDA:0,(anonymous_74)
FNDA:0,(anonymous_75)
FNDA:0,(anonymous_76)
FNDA:0,(anonymous_77)
FNDA:0,(anonymous_78)
FNDA:0,(anonymous_79)
FNDA:0,(anonymous_80)
FNDA:0,(anonymous_81)
FNDA:0,(anonymous_82)
FNDA:0,(anonymous_83)
FNDA:0,(anonymous_84)
FNDA:0,(anonymous_85)
DA:1,0
DA:2,0
DA:3,0
DA:4,0
DA:6,0
DA:7,0
DA:9,0
DA:10,0
DA:11,0
DA:14,0
DA:46,0
DA:47,0
DA:83,0
DA:84,0
DA:85,0
DA:86,0
DA:87,0
DA:89,0
DA:96,0
DA:99,0
DA:100,0
DA:103,0
DA:106,0
DA:107,0
DA:109,0
DA:111,0
DA:112,0
DA:114,0
DA:115,0
DA:116,0
DA:124,0
DA:131,0
DA:139,0
DA:140,0
DA:141,0
DA:142,0
DA:145,0
DA:147,0
DA:148,0
DA:153,0
DA:155,0
DA:157,0
DA:166,0
DA:168,0
DA:175,0
DA:183,0
DA:186,0
DA:189,0
DA:191,0
DA:194,0
DA:204,0
DA:205,0
DA:213,0
DA:214,0
DA:217,0
DA:220,0
DA:221,0
DA:224,0
DA:225,0
DA:234,0
DA:235,0
DA:238,0
DA:239,0
DA:242,0
DA:243,0
DA:244,0
DA:246,0
DA:247,0
DA:249,0
DA:252,0
DA:253,0
DA:254,0
DA:255,0
DA:256,0
DA:257,0
DA:260,0
DA:261,0
DA:262,0
DA:263,0
DA:264,0
DA:265,0
DA:266,0
DA:270,0
DA:279,0
DA:280,0
DA:283,0
DA:292,0
DA:294,0
DA:296,0
DA:298,0
DA:304,0
DA:307,0
DA:308,0
DA:315,0
DA:319,0
DA:320,0
DA:327,0
DA:335,0
DA:336,0
DA:337,0
DA:338,0
DA:344,0
DA:345,0
DA:351,0
DA:359,0
DA:366,0
DA:367,0
DA:370,0
DA:376,0
DA:378,0
DA:380,0
DA:382,0
DA:385,0
DA:387,0
DA:396,0
DA:397,0
DA:402,0
DA:406,0
DA:407,0
DA:412,0
DA:422,0
DA:423,0
DA:425,0
DA:426,0
DA:429,0
DA:432,0
DA:433,0
DA:436,0
DA:443,0
DA:444,0
DA:445,0
DA:461,0
DA:462,0
DA:465,0
DA:466,0
DA:471,0
DA:474,0
DA:475,0
DA:480,0
DA:484,0
DA:490,0
DA:492,0
DA:498,0
DA:501,0
DA:503,0
DA:505,0
DA:508,0
DA:519,0
DA:522,0
DA:523,0
DA:528,0
DA:532,0
DA:533,0
DA:538,0
DA:544,0
DA:545,0
DA:546,0
DA:549,0
DA:550,0
DA:554,0
DA:555,0
DA:557,0
DA:559,0
DA:561,0
DA:562,0
DA:563,0
DA:568,0
DA:569,0
DA:570,0
DA:574,0
DA:576,0
DA:579,0
DA:589,0
DA:590,0
DA:592,0
DA:593,0
DA:596,0
DA:597,0
DA:598,0
DA:604,0
DA:606,0
DA:607,0
DA:616,0
DA:617,0
DA:621,0
DA:622,0
DA:626,0
DA:635,0
DA:636,0
DA:645,0
DA:646,0
DA:679,0
DA:692,0
DA:723,0
DA:724,0
DA:773,0
DA:776,0
DA:793,0
DA:805,0
DA:806,0
DA:834,0
DA:848,0
DA:850,0
DA:851,0
DA:859,0
DA:863,0
DA:864,0
DA:873,0
DA:875,0
DA:876,0
DA:884,0
DA:901,0
DA:946,0
DA:954,0
DA:955,0
DA:956,0
DA:957,0
DA:958,0
LF:218
LH:0
BRDA:107,0,0,0
BRDA:114,1,0,0
BRDA:114,1,1,0
BRDA:114,2,0,0
BRDA:114,2,1,0
BRDA:118,3,0,0
BRDA:118,3,1,0
BRDA:126,4,0,0
BRDA:126,4,1,0
BRDA:133,5,0,0
BRDA:133,5,1,0
BRDA:140,6,0,0
BRDA:149,7,0,0
BRDA:149,7,1,0
BRDA:155,8,0,0
BRDA:155,8,1,0
BRDA:170,9,0,0
BRDA:170,9,1,0
BRDA:177,10,0,0
BRDA:177,10,1,0
BRDA:243,11,0,0
BRDA:243,12,0,0
BRDA:243,12,1,0
BRDA:246,13,0,0
BRDA:246,14,0,0
BRDA:246,14,1,0
BRDA:261,15,0,0
BRDA:261,16,0,0
BRDA:261,16,1,0
BRDA:262,17,0,0
BRDA:262,17,1,0
BRDA:262,17,2,0
BRDA:262,17,3,0
BRDA:296,18,0,0
BRDA:296,18,1,0
BRDA:296,19,0,0
BRDA:296,19,1,0
BRDA:300,20,0,0
BRDA:300,20,1,0
BRDA:307,21,0,0
BRDA:307,21,1,0
BRDA:319,22,0,0
BRDA:319,22,1,0
BRDA:380,23,0,0
BRDA:380,23,1,0
BRDA:396,24,0,0
BRDA:396,24,1,0
BRDA:406,25,0,0
BRDA:406,25,1,0
BRDA:465,26,0,0
BRDA:465,27,0,0
BRDA:465,27,1,0
BRDA:474,28,0,0
BRDA:493,29,0,0
BRDA:493,29,1,0
BRDA:495,30,0,0
BRDA:495,30,1,0
BRDA:503,31,0,0
BRDA:503,31,1,0
BRDA:503,32,0,0
BRDA:503,32,1,0
BRDA:510,33,0,0
BRDA:510,33,1,0
BRDA:522,34,0,0
BRDA:522,34,1,0
BRDA:532,35,0,0
BRDA:532,35,1,0
BRDA:555,36,0,0
BRDA:559,37,0,0
BRDA:559,38,0,0
BRDA:559,38,1,0
BRDA:559,38,2,0
BRDA:561,39,0,0
BRDA:576,40,0,0
BRDA:576,40,1,0
BRDA:592,41,0,0
BRDA:597,42,0,0
BRDA:597,42,1,0
BRDA:606,43,0,0
BRDA:616,44,0,0
BRDA:621,45,0,0
BRDA:635,46,0,0
BRDA:645,47,0,0
BRDA:651,48,0,0
BRDA:651,48,1,0
BRDA:651,49,0,0
BRDA:651,49,1,0
BRDA:656,50,0,0
BRDA:656,50,1,0
BRDA:712,51,0,0
BRDA:712,51,1,0
BRDA:714,52,0,0
BRDA:714,52,1,0
BRDA:723,53,0,0
BRDA:740,54,0,0
BRDA:740,54,1,0
BRDA:757,55,0,0
BRDA:757,55,1,0
BRDA:762,56,0,0
BRDA:762,56,1,0
BRDA:763,57,0,0
BRDA:763,57,1,0
BRDA:764,58,0,0
BRDA:764,58,1,0
BRDA:781,59,0,0
BRDA:781,59,1,0
BRDA:784,60,0,0
BRDA:784,60,1,0
BRDA:796,61,0,0
BRDA:796,61,1,0
BRDA:810,62,0,0
BRDA:810,62,1,0
BRDA:848,63,0,0
BRDA:850,64,0,0
BRDA:873,65,0,0
BRDA:875,66,0,0
BRDA:907,67,0,0
BRDA:907,67,1,0
BRDA:907,68,0,0
BRDA:907,68,1,0
BRDA:912,69,0,0
BRDA:912,69,1,0
BRDA:956,70,0,0
BRF:123
BRH:0
end_of_record
TN:
SF:src/types/shortcuts.ts
FN:334,(anonymous_0)
FN:340,(anonymous_1)
FN:346,(anonymous_2)
FN:352,(anonymous_3)
FN:358,(anonymous_4)
FN:364,(anonymous_5)
FNF:6
FNH:0
FNDA:0,(anonymous_0)
FNDA:0,(anonymous_1)
FNDA:0,(anonymous_2)
FNDA:0,(anonymous_3)
FNDA:0,(anonymous_4)
FNDA:0,(anonymous_5)
DA:44,0
DA:329,0
DA:334,0
DA:340,0
DA:346,0
DA:352,0
DA:358,0
DA:364,0
DA:368,0
LF:9
LH:0
BRF:0
BRH:0
end_of_record
TN:
SF:src/types/storage.ts
FN:101,(anonymous_0)
FNF:1
FNH:0
FNDA:0,(anonymous_0)
DA:101,0
DA:102,0
DA:103,0
DA:104,0
DA:105,0
DA:106,0
LF:6
LH:0
BRDA:101,0,0,0
BRDA:101,0,1,0
BRF:2
BRH:0
end_of_record
TN:
SF:src/utils/config.ts
FNF:0
FNH:0
DA:5,1
DA:46,1
DA:56,1
DA:68,1
LF:4
LH:4
BRF:0
BRH:0
end_of_record
TN:
SF:src/utils/contentUtils.ts
FN:17,stripHashtags
FNF:1
FNH:1
FNDA:67,stripHashtags
DA:10,2
DA:17,2
DA:18,67
LF:3
LH:3
BRF:0
BRH:0
end_of_record
TN:
SF:src/utils/markdown.ts
FN:20,(anonymous_0)
FN:24,(anonymous_1)
FN:29,(anonymous_2)
FN:34,(anonymous_3)
FN:52,(anonymous_4)
FN:109,(anonymous_5)
FN:131,(anonymous_6)
FN:141,(anonymous_7)
FN:189,(anonymous_8)
FN:196,(anonymous_9)
FN:227,(anonymous_10)
FN:242,(anonymous_11)
FN:262,(anonymous_12)
FN:294,(anonymous_13)
FN:315,(anonymous_14)
FN:329,(anonymous_15)
FN:333,(anonymous_16)
FN:344,(anonymous_17)
FNF:18
FNH:17
FNDA:48,(anonymous_0)
FNDA:2,(anonymous_1)
FNDA:2,(anonymous_2)
FNDA:7,(anonymous_3)
FNDA:0,(anonymous_4)
FNDA:53,(anonymous_5)
FNDA:32,(anonymous_6)
FNDA:63,(anonymous_7)
FNDA:14,(anonymous_8)
FNDA:24,(anonymous_9)
FNDA:18,(anonymous_10)
FNDA:26,(anonymous_11)
FNDA:11,(anonymous_12)
FNDA:12,(anonymous_13)
FNDA:29,(anonymous_14)
FNDA:201,(anonymous_15)
FNDA:14,(anonymous_16)
FNDA:20,(anonymous_17)
DA:20,2
DA:21,48
DA:24,48
DA:25,2
DA:26,2
DA:29,48
DA:30,2
DA:31,2
DA:34,48
DA:35,7
DA:36,7
DA:40,48
DA:43,48
DA:46,48
DA:49,48
DA:52,48
DA:53,0
DA:54,0
DA:58,48
DA:61,48
DA:64,48
DA:67,48
DA:70,48
DA:71,48
DA:74,48
DA:77,48
DA:78,48
DA:81,48
DA:82,48
DA:85,48
DA:86,48
DA:89,48
DA:90,48
DA:91,48
DA:92,48
DA:93,48
DA:94,48
DA:95,48
DA:96,48
DA:97,48
DA:98,48
DA:99,48
DA:100,48
DA:103,48
DA:105,48
DA:109,2
DA:110,53
DA:111,53
DA:114,53
DA:115,16
DA:116,16
DA:117,16
DA:119,16
DA:127,53
DA:131,2
DA:132,32
DA:141,2
DA:142,63
DA:145,63
DA:146,63
DA:147,3
DA:151,63
DA:152,63
DA:153,77
DA:154,77
DA:160,58
DA:161,58
DA:166,63
DA:167,63
DA:168,4
DA:172,63
DA:173,63
DA:174,2
DA:178,63
DA:179,63
DA:182,63
DA:183,63
DA:185,63
DA:189,2
DA:190,14
DA:191,14
DA:192,14
DA:196,2
DA:197,24
DA:198,2
DA:205,22
DA:214,22
DA:215,90
DA:216,14
DA:223,8
DA:227,2
DA:228,18
DA:229,1
DA:241,17
DA:242,26
DA:243,17
DA:244,17
DA:245,17
DA:246,17
DA:247,17
DA:249,17
DA:262,2
DA:267,11
DA:268,11
DA:269,11
DA:274,11
DA:276,2
DA:277,2
DA:280,9
DA:281,9
DA:284,11
DA:285,11
DA:286,11
DA:289,11
DA:290,11
DA:294,2
DA:299,12
DA:300,12
DA:301,12
DA:303,12
DA:305,12
DA:306,12
DA:307,12
DA:310,12
DA:311,12
DA:315,2
DA:316,29
DA:329,201
DA:333,2
DA:335,14
DA:338,14
DA:340,14
DA:344,2
DA:345,20
DA:357,2
LF:135
LH:133
BRDA:53,0,0,0
BRDA:53,0,1,0
BRDA:146,1,0,3
BRDA:154,2,0,58
BRDA:154,3,0,77
BRDA:154,3,1,66
BRDA:154,3,2,62
BRDA:154,3,3,61
BRDA:154,3,4,60
BRDA:154,3,5,59
BRDA:167,4,0,4
BRDA:173,5,0,2
BRDA:178,6,0,60
BRDA:178,6,1,3
BRDA:192,7,0,12
BRDA:192,7,1,2
BRDA:196,8,0,23
BRDA:197,9,0,2
BRDA:215,10,0,14
BRDA:228,11,0,1
BRDA:241,12,0,16
BRDA:241,12,1,1
BRDA:243,13,0,17
BRDA:243,13,1,14
BRDA:244,14,0,17
BRDA:244,14,1,14
BRDA:245,15,0,17
BRDA:245,15,1,15
BRDA:246,16,0,17
BRDA:246,16,1,14
BRDA:247,17,0,17
BRDA:247,17,1,12
BRDA:247,18,0,17
BRDA:247,18,1,14
BRDA:274,19,0,2
BRDA:274,19,1,9
BRF:36
BRH:34
end_of_record
TN:
SF:src/utils/shortcuts.ts
FN:4,(anonymous_0)
FN:20,(anonymous_1)
FN:45,(anonymous_2)
FN:119,(anonymous_3)
FN:127,(anonymous_4)
FN:152,(anonymous_5)
FN:159,(anonymous_6)
FN:189,(anonymous_7)
FN:228,(anonymous_8)
FN:269,(anonymous_9)
FN:274,(anonymous_10)
FN:282,(anonymous_11)
FN:289,(anonymous_12)
FN:295,(anonymous_13)
FN:308,(anonymous_14)
FN:324,(anonymous_15)
FN:331,(anonymous_16)
FN:335,(anonymous_17)
FN:339,(anonymous_18)
FN:340,(anonymous_19)
FN:345,(anonymous_20)
FN:350,(anonymous_21)
FN:367,(anonymous_22)
FNF:23
FNH:0
FNDA:0,(anonymous_0)
FNDA:0,(anonymous_1)
FNDA:0,(anonymous_2)
FNDA:0,(anonymous_3)
FNDA:0,(anonymous_4)
FNDA:0,(anonymous_5)
FNDA:0,(anonymous_6)
FNDA:0,(anonymous_7)
FNDA:0,(anonymous_8)
FNDA:0,(anonymous_9)
FNDA:0,(anonymous_10)
FNDA:0,(anonymous_11)
FNDA:0,(anonymous_12)
FNDA:0,(anonymous_13)
FNDA:0,(anonymous_14)
FNDA:0,(anonymous_15)
FNDA:0,(anonymous_16)
FNDA:0,(anonymous_17)
FNDA:0,(anonymous_18)
FNDA:0,(anonymous_19)
FNDA:0,(anonymous_20)
FNDA:0,(anonymous_21)
FNDA:0,(anonymous_22)
DA:4,0
DA:11,0
DA:12,0
DA:20,0
DA:21,0
DA:23,0
DA:24,0
DA:26,0
DA:27,0
DA:29,0
DA:30,0
DA:33,0
DA:34,0
DA:36,0
DA:37,0
DA:41,0
DA:45,0
DA:46,0
DA:47,0
DA:49,0
DA:50,0
DA:52,0
DA:53,0
DA:55,0
DA:56,0
DA:58,0
DA:59,0
DA:63,0
DA:64,0
DA:66,0
DA:67,0
DA:69,0
DA:70,0
DA:72,0
DA:73,0
DA:75,0
DA:76,0
DA:78,0
DA:79,0
DA:81,0
DA:82,0
DA:84,0
DA:85,0
DA:87,0
DA:88,0
DA:90,0
DA:91,0
DA:93,0
DA:94,0
DA:96,0
DA:97,0
DA:99,0
DA:100,0
DA:102,0
DA:103,0
DA:105,0
DA:106,0
DA:108,0
DA:109,0
DA:111,0
DA:114,0
DA:115,0
DA:119,0
DA:120,0
DA:121,0
DA:122,0
DA:123,0
DA:127,0
DA:128,0
DA:129,0
DA:132,0
DA:133,0
DA:134,0
DA:135,0
DA:136,0
DA:141,0
DA:142,0
DA:143,0
DA:144,0
DA:145,0
DA:146,0
DA:148,0
DA:152,0
DA:153,0
DA:154,0
DA:155,0
DA:159,0
DA:160,0
DA:161,0
DA:164,0
DA:182,0
DA:184,0
DA:189,0
DA:190,0
DA:193,0
DA:224,0
DA:228,0
DA:229,0
DA:230,0
DA:232,0
DA:233,0
DA:262,0
DA:265,0
DA:269,0
DA:274,0
DA:275,0
DA:277,0
DA:282,0
DA:289,0
DA:295,0
DA:296,0
DA:297,0
DA:298,0
DA:300,0
DA:303,0
DA:308,0
DA:309,0
DA:310,0
DA:311,0
DA:312,0
DA:314,0
DA:315,0
DA:318,0
DA:319,0
DA:324,0
DA:331,0
DA:335,0
DA:339,0
DA:340,0
DA:345,0
DA:346,0
DA:350,0
DA:351,0
DA:352,0
DA:355,0
DA:356,0
DA:359,0
DA:361,0
DA:362,0
DA:367,0
DA:368,0
DA:369,0
DA:372,0
LF:143
LH:0
BRDA:21,0,0,0
BRDA:21,0,1,0
BRDA:21,0,2,0
BRDA:21,0,3,0
BRDA:21,0,4,0
BRDA:21,0,5,0
BRDA:45,1,0,0
BRDA:49,2,0,0
BRDA:50,3,0,0
BRDA:50,3,1,0
BRDA:52,4,0,0
BRDA:53,5,0,0
BRDA:53,5,1,0
BRDA:55,6,0,0
BRDA:56,7,0,0
BRDA:56,7,1,0
BRDA:58,8,0,0
BRDA:59,9,0,0
BRDA:59,9,1,0
BRDA:64,10,0,0
BRDA:64,10,1,0
BRDA:64,10,2,0
BRDA:64,10,3,0
BRDA:64,10,4,0
BRDA:64,10,5,0
BRDA:64,10,6,0
BRDA:64,10,7,0
BRDA:64,10,8,0
BRDA:64,10,9,0
BRDA:64,10,10,0
BRDA:64,10,11,0
BRDA:64,10,12,0
BRDA:64,10,13,0
BRDA:64,10,14,0
BRDA:108,11,0,0
BRDA:115,12,0,0
BRDA:115,12,1,0
BRDA:121,13,0,0
BRDA:122,14,0,0
BRDA:132,15,0,0
BRDA:132,16,0,0
BRDA:132,16,1,0
BRDA:132,16,2,0
BRDA:134,17,0,0
BRDA:142,18,0,0
BRDA:143,19,0,0
BRDA:144,20,0,0
BRDA:145,21,0,0
BRDA:232,22,0,0
BRDA:275,23,0,0
BRDA:275,23,1,0
BRDA:282,24,0,0
BRDA:282,24,1,0
BRDA:283,25,0,0
BRDA:283,25,1,0
BRDA:297,26,0,0
BRDA:297,26,1,0
BRDA:297,27,0,0
BRDA:297,27,1,0
BRDA:310,28,0,0
BRDA:310,28,1,0
BRDA:310,29,0,0
BRDA:310,29,1,0
BRDA:312,30,0,0
BRDA:312,30,1,0
BRDA:315,31,0,0
BRDA:315,31,1,0
BRDA:338,32,0,0
BRDA:338,32,1,0
BRDA:355,33,0,0
BRDA:355,34,0,0
BRDA:355,34,1,0
BRDA:355,34,2,0
BRF:73
BRH:0
end_of_record
